app/build/intermediates/manifest_merge_blame_file/release/manifest-merger-blame-release-report.txt
1<?xml version="1.0" encoding="utf-8"?>
2<manifest xmlns:android="http://schemas.android.com/apk/res/android"
3    package="com.webkype.happiroo"
4    android:versionCode="7"
5    android:versionName="1.7" >
6
7    <uses-sdk
8        android:minSdkVersion="21"
8-->src\main\AndroidManifest.xml
9        android:targetSdkVersion="29" />
9-->src\main\AndroidManifest.xml
10
11    <uses-permission android:name="android.permission.INTERNET" />
11-->src\main\AndroidManifest.xml:5:5-67
11-->src\main\AndroidManifest.xml:5:22-64
12    <uses-permission android:name="android.permission.ACCESS_NETWORK_STATE" />
12-->src\main\AndroidManifest.xml:6:5-79
12-->src\main\AndroidManifest.xml:6:22-76
13    <uses-permission android:name="android.permission.WRITE_EXTERNAL_STORAGE" />
13-->src\main\AndroidManifest.xml:7:5-81
13-->src\main\AndroidManifest.xml:7:22-78
14    <uses-permission android:name="android.permission.READ_EXTERNAL_STORAGE" />
14-->src\main\AndroidManifest.xml:8:5-80
14-->src\main\AndroidManifest.xml:8:22-77
15    <uses-permission android:name="android.permission.ACCESS_FINE_LOCATION" />
15-->src\main\AndroidManifest.xml:9:5-79
15-->src\main\AndroidManifest.xml:9:22-76
16    <uses-permission android:name="android.permission.ACCESS_COARSE_LOCATION" />
16-->src\main\AndroidManifest.xml:10:5-81
16-->src\main\AndroidManifest.xml:10:22-78
17    <uses-permission android:name="android.permission.WAKE_LOCK" /> <!-- Required by older versions of Google Play services to create IID tokens -->
17-->[com.google.firebase:firebase-iid:21.0.1] AndroidManifest.xml:24:5-68
17-->[com.google.firebase:firebase-iid:21.0.1] AndroidManifest.xml:24:22-65
18    <uses-permission android:name="com.google.android.c2dm.permission.RECEIVE" />
18-->[com.google.firebase:firebase-iid:21.0.1] AndroidManifest.xml:26:5-82
18-->[com.google.firebase:firebase-iid:21.0.1] AndroidManifest.xml:26:22-79
19    <uses-permission android:name="com.google.android.finsky.permission.BIND_GET_INSTALL_REFERRER_SERVICE" />
19-->[com.google.android.gms:play-services-measurement:18.0.0] AndroidManifest.xml:26:5-110
19-->[com.google.android.gms:play-services-measurement:18.0.0] AndroidManifest.xml:26:22-107
20
21    <application
21-->src\main\AndroidManifest.xml:12:5-182:19
22        android:allowBackup="true"
22-->src\main\AndroidManifest.xml:13:9-35
23        android:appComponentFactory="androidx.core.app.CoreComponentFactory"
23-->[androidx.core:core:1.1.0] AndroidManifest.xml:24:18-86
24        android:hardwareAccelerated="true"
24-->src\main\AndroidManifest.xml:14:9-43
25        android:icon="@mipmap/ic_launcher"
25-->src\main\AndroidManifest.xml:15:9-43
26        android:label="@string/app_name"
26-->src\main\AndroidManifest.xml:16:9-41
27        android:largeHeap="true"
27-->src\main\AndroidManifest.xml:17:9-33
28        android:requestLegacyExternalStorage="true"
28-->src\main\AndroidManifest.xml:18:9-52
29        android:roundIcon="@mipmap/ic_launcher_round"
29-->src\main\AndroidManifest.xml:19:9-54
30        android:supportsRtl="true"
30-->src\main\AndroidManifest.xml:20:9-35
31        android:theme="@style/AppTheme"
31-->src\main\AndroidManifest.xml:21:9-40
32        android:usesCleartextTraffic="true" >
32-->src\main\AndroidManifest.xml:22:9-44
33        <activity
33-->src\main\AndroidManifest.xml:23:9-25:39
34            android:name="com.webkype.happiroo.view.activity.policyes.CustromerSupportActivity"
34-->src\main\AndroidManifest.xml:24:13-76
35            android:exported="true" />
35-->src\main\AndroidManifest.xml:25:13-36
36        <activity
36-->src\main\AndroidManifest.xml:26:9-28:39
37            android:name="com.webkype.happiroo.view.activity.policyes.DisclaimerActivity"
37-->src\main\AndroidManifest.xml:27:13-70
38            android:exported="true" />
38-->src\main\AndroidManifest.xml:28:13-36
39        <activity
39-->src\main\AndroidManifest.xml:29:9-31:39
40            android:name="com.webkype.happiroo.view.activity.policyes.PrivacyPolicyActivity"
40-->src\main\AndroidManifest.xml:30:13-73
41            android:exported="true" />
41-->src\main\AndroidManifest.xml:31:13-36
42        <activity
42-->src\main\AndroidManifest.xml:32:9-34:39
43            android:name="com.webkype.happiroo.view.activity.policyes.CancellationPolicyActivity"
43-->src\main\AndroidManifest.xml:33:13-78
44            android:exported="true" />
44-->src\main\AndroidManifest.xml:34:13-36
45        <activity
45-->src\main\AndroidManifest.xml:35:9-37:39
46            android:name="com.webkype.happiroo.view.activity.policyes.TncActivity"
46-->src\main\AndroidManifest.xml:36:13-63
47            android:exported="true" />
47-->src\main\AndroidManifest.xml:37:13-36
48        <activity android:name="com.webkype.happiroo.view.activity.FavServiceActivity" />
48-->src\main\AndroidManifest.xml:38:9-70
48-->src\main\AndroidManifest.xml:38:19-67
49        <activity android:name="com.webkype.happiroo.view.activity.shopProduct.FavProductListActivity" />
49-->src\main\AndroidManifest.xml:39:9-86
49-->src\main\AndroidManifest.xml:39:19-83
50        <activity android:name="com.webkype.happiroo.view.activity.orders.OrderDetailActivity" />
50-->src\main\AndroidManifest.xml:40:9-78
50-->src\main\AndroidManifest.xml:40:19-75
51        <activity android:name="com.webkype.happiroo.view.activity.orders.OrderListActivity" />
51-->src\main\AndroidManifest.xml:41:9-76
51-->src\main\AndroidManifest.xml:41:19-73
52        <activity android:name="com.webkype.happiroo.view.activity.shopProduct.ShopProductDetailActivity" />
52-->src\main\AndroidManifest.xml:42:9-89
52-->src\main\AndroidManifest.xml:42:19-86
53        <activity
53-->src\main\AndroidManifest.xml:43:9-47:63
54            android:name="com.webkype.happiroo.view.activity.shopProduct.ProductListActivity"
54-->src\main\AndroidManifest.xml:44:13-74
55            android:screenOrientation="portrait"
55-->src\main\AndroidManifest.xml:45:13-49
56            android:theme="@style/WhiteActionTheme"
56-->src\main\AndroidManifest.xml:46:13-52
57            android:windowSoftInputMode="stateAlwaysHidden" />
57-->src\main\AndroidManifest.xml:47:13-60
58        <activity
58-->src\main\AndroidManifest.xml:48:9-51:55
59            android:name="com.webkype.happiroo.view.activity.shopProduct.ShoppingCatActivity"
59-->src\main\AndroidManifest.xml:49:13-74
60            android:screenOrientation="portrait"
60-->src\main\AndroidManifest.xml:50:13-49
61            android:theme="@style/WhiteActionTheme" />
61-->src\main\AndroidManifest.xml:51:13-52
62        <activity
62-->src\main\AndroidManifest.xml:52:9-55:55
63            android:name="com.webkype.happiroo.view.activity.WebViewActivity"
63-->src\main\AndroidManifest.xml:53:13-58
64            android:screenOrientation="portrait"
64-->src\main\AndroidManifest.xml:54:13-49
65            android:theme="@style/WhiteActionTheme" />
65-->src\main\AndroidManifest.xml:55:13-52
66        <activity
66-->src\main\AndroidManifest.xml:56:9-59:55
67            android:name="com.webkype.happiroo.view.activity.NotificationsActivity"
67-->src\main\AndroidManifest.xml:57:13-64
68            android:screenOrientation="portrait"
68-->src\main\AndroidManifest.xml:58:13-49
69            android:theme="@style/WhiteActionTheme" />
69-->src\main\AndroidManifest.xml:59:13-52
70        <activity
70-->src\main\AndroidManifest.xml:60:9-63:52
71            android:name="com.webkype.happiroo.view.activity.ImagePagerActivity"
71-->src\main\AndroidManifest.xml:61:13-61
72            android:screenOrientation="portrait"
72-->src\main\AndroidManifest.xml:62:13-49
73            android:theme="@style/NoActionTheme" />
73-->src\main\AndroidManifest.xml:63:13-49
74        <activity
74-->src\main\AndroidManifest.xml:64:9-67:55
75            android:name="com.webkype.happiroo.view.activity.bookings.BookingDetailActivity"
75-->src\main\AndroidManifest.xml:65:13-73
76            android:screenOrientation="portrait"
76-->src\main\AndroidManifest.xml:66:13-49
77            android:theme="@style/WhiteActionTheme" />
77-->src\main\AndroidManifest.xml:67:13-52
78        <activity
78-->src\main\AndroidManifest.xml:68:9-71:55
79            android:name="com.webkype.happiroo.view.activity.checout_process.CovidMessageActivity"
79-->src\main\AndroidManifest.xml:69:13-79
80            android:screenOrientation="portrait"
80-->src\main\AndroidManifest.xml:70:13-49
81            android:theme="@style/WhiteActionTheme" />
81-->src\main\AndroidManifest.xml:71:13-52
82        <activity
82-->src\main\AndroidManifest.xml:72:9-75:55
83            android:name="com.webkype.happiroo.view.activity.checout_process.CartOverviewActivity"
83-->src\main\AndroidManifest.xml:73:13-79
84            android:screenOrientation="portrait"
84-->src\main\AndroidManifest.xml:74:13-49
85            android:theme="@style/WhiteActionTheme" />
85-->src\main\AndroidManifest.xml:75:13-52
86        <activity
86-->src\main\AndroidManifest.xml:76:9-79:55
87            android:name="com.webkype.happiroo.view.activity.PromocodeActivity"
87-->src\main\AndroidManifest.xml:77:13-60
88            android:screenOrientation="portrait"
88-->src\main\AndroidManifest.xml:78:13-49
89            android:theme="@style/WhiteActionTheme" />
89-->src\main\AndroidManifest.xml:79:13-52
90        <activity
90-->src\main\AndroidManifest.xml:80:9-83:52
91            android:name="com.webkype.happiroo.view.activity.ReferEarnActivity"
91-->src\main\AndroidManifest.xml:81:13-60
92            android:screenOrientation="portrait"
92-->src\main\AndroidManifest.xml:82:13-49
93            android:theme="@style/NoActionTheme" />
93-->src\main\AndroidManifest.xml:83:13-49
94        <activity
94-->src\main\AndroidManifest.xml:84:9-88:55
95            android:name="com.webkype.happiroo.view.activity.checout_process.SelectSlotActivity"
95-->src\main\AndroidManifest.xml:85:13-77
96            android:exported="true"
96-->src\main\AndroidManifest.xml:86:13-36
97            android:screenOrientation="portrait"
97-->src\main\AndroidManifest.xml:87:13-49
98            android:theme="@style/WhiteActionTheme" />
98-->src\main\AndroidManifest.xml:88:13-52
99        <activity
99-->src\main\AndroidManifest.xml:89:9-92:55
100            android:name="com.webkype.happiroo.view.activity.checout_process.AddEditAddressActivity"
100-->src\main\AndroidManifest.xml:90:13-81
101            android:screenOrientation="portrait"
101-->src\main\AndroidManifest.xml:91:13-49
102            android:theme="@style/WhiteActionTheme" />
102-->src\main\AndroidManifest.xml:92:13-52
103        <activity
103-->src\main\AndroidManifest.xml:93:9-96:55
104            android:name="com.webkype.happiroo.view.activity.checout_process.AddressActivity"
104-->src\main\AndroidManifest.xml:94:13-74
105            android:screenOrientation="portrait"
105-->src\main\AndroidManifest.xml:95:13-49
106            android:theme="@style/WhiteActionTheme" />
106-->src\main\AndroidManifest.xml:96:13-52
107        <activity
107-->src\main\AndroidManifest.xml:97:9-100:55
108            android:name="com.webkype.happiroo.view.activity.checout_process.CartActivity"
108-->src\main\AndroidManifest.xml:98:13-71
109            android:screenOrientation="portrait"
109-->src\main\AndroidManifest.xml:99:13-49
110            android:theme="@style/WhiteActionTheme" />
110-->src\main\AndroidManifest.xml:100:13-52
111        <activity
111-->src\main\AndroidManifest.xml:101:9-104:55
112            android:name="com.webkype.happiroo.view.activity.shopService.ServiceProductDetailActivity"
112-->src\main\AndroidManifest.xml:102:13-83
113            android:screenOrientation="portrait"
113-->src\main\AndroidManifest.xml:103:13-49
114            android:theme="@style/WhiteActionTheme" />
114-->src\main\AndroidManifest.xml:104:13-52
115        <activity
115-->src\main\AndroidManifest.xml:105:9-108:55
116            android:name="com.webkype.happiroo.view.activity.shopService.ServiceListingActivity"
116-->src\main\AndroidManifest.xml:106:13-77
117            android:screenOrientation="portrait"
117-->src\main\AndroidManifest.xml:107:13-49
118            android:theme="@style/WhiteActionTheme" />
118-->src\main\AndroidManifest.xml:108:13-52
119        <activity
119-->src\main\AndroidManifest.xml:109:9-112:52
120            android:name="com.webkype.happiroo.view.activity.shopService.ServiceDetailActivity"
120-->src\main\AndroidManifest.xml:110:13-76
121            android:screenOrientation="portrait"
121-->src\main\AndroidManifest.xml:111:13-49
122            android:theme="@style/NoActionTheme" />
122-->src\main\AndroidManifest.xml:112:13-49
123        <activity
123-->src\main\AndroidManifest.xml:113:9-117:63
124            android:name="com.webkype.happiroo.view.activity.ProfileEditActivity"
124-->src\main\AndroidManifest.xml:114:13-62
125            android:screenOrientation="portrait"
125-->src\main\AndroidManifest.xml:115:13-49
126            android:theme="@style/NoActionTheme"
126-->src\main\AndroidManifest.xml:116:13-49
127            android:windowSoftInputMode="stateAlwaysHidden" />
127-->src\main\AndroidManifest.xml:117:13-60
128        <activity
128-->src\main\AndroidManifest.xml:118:9-121:52
129            android:name="com.webkype.happiroo.view.activity.ChangeLocationActivity"
129-->src\main\AndroidManifest.xml:119:13-65
130            android:screenOrientation="portrait"
130-->src\main\AndroidManifest.xml:120:13-49
131            android:theme="@style/NoActionTheme" />
131-->src\main\AndroidManifest.xml:121:13-49
132        <activity
132-->src\main\AndroidManifest.xml:122:9-127:63
133            android:name="com.webkype.happiroo.view.activity.DashboardActivity"
133-->src\main\AndroidManifest.xml:123:13-60
134            android:exported="true"
134-->src\main\AndroidManifest.xml:124:13-36
135            android:screenOrientation="portrait"
135-->src\main\AndroidManifest.xml:125:13-49
136            android:theme="@style/NoActionTheme"
136-->src\main\AndroidManifest.xml:126:13-49
137            android:windowSoftInputMode="stateAlwaysHidden" />
137-->src\main\AndroidManifest.xml:127:13-60
138        <activity
138-->src\main\AndroidManifest.xml:128:9-131:55
139            android:name="com.webkype.happiroo.view.activity.FetchLocationActivity"
139-->src\main\AndroidManifest.xml:129:13-64
140            android:screenOrientation="portrait"
140-->src\main\AndroidManifest.xml:130:13-49
141            android:theme="@style/WhiteActionTheme" />
141-->src\main\AndroidManifest.xml:131:13-52
142        <activity
142-->src\main\AndroidManifest.xml:132:9-136:63
143            android:name="com.webkype.happiroo.view.activity.auth.OtpActivity"
143-->src\main\AndroidManifest.xml:133:13-59
144            android:screenOrientation="portrait"
144-->src\main\AndroidManifest.xml:134:13-49
145            android:theme="@style/WhiteActionTheme"
145-->src\main\AndroidManifest.xml:135:13-52
146            android:windowSoftInputMode="stateAlwaysHidden" />
146-->src\main\AndroidManifest.xml:136:13-60
147        <activity
147-->src\main\AndroidManifest.xml:137:9-141:63
148            android:name="com.webkype.happiroo.view.activity.auth.AuthenticateActivity"
148-->src\main\AndroidManifest.xml:138:13-68
149            android:screenOrientation="portrait"
149-->src\main\AndroidManifest.xml:139:13-49
150            android:theme="@style/WhiteActionTheme"
150-->src\main\AndroidManifest.xml:140:13-52
151            android:windowSoftInputMode="stateAlwaysHidden" />
151-->src\main\AndroidManifest.xml:141:13-60
152        <activity
152-->src\main\AndroidManifest.xml:142:9-145:55
153            android:name="com.webkype.happiroo.view.activity.WalkThroughActivity"
153-->src\main\AndroidManifest.xml:143:13-62
154            android:screenOrientation="portrait"
154-->src\main\AndroidManifest.xml:144:13-49
155            android:theme="@style/WhiteActionTheme" />
155-->src\main\AndroidManifest.xml:145:13-52
156        <activity
156-->src\main\AndroidManifest.xml:146:9-155:20
157            android:name="com.webkype.happiroo.view.activity.SplashActivity"
157-->src\main\AndroidManifest.xml:147:13-57
158            android:screenOrientation="portrait"
158-->src\main\AndroidManifest.xml:148:13-49
159            android:theme="@style/WhiteActionTheme" >
159-->src\main\AndroidManifest.xml:149:13-52
160            <intent-filter>
160-->src\main\AndroidManifest.xml:150:13-154:29
161                <action android:name="android.intent.action.MAIN" />
161-->src\main\AndroidManifest.xml:151:17-69
161-->src\main\AndroidManifest.xml:151:25-66
162
163                <category android:name="android.intent.category.LAUNCHER" />
163-->src\main\AndroidManifest.xml:153:17-77
163-->src\main\AndroidManifest.xml:153:27-74
164            </intent-filter>
165        </activity>
166
167        <meta-data
167-->src\main\AndroidManifest.xml:157:9-159:55
168            android:name="com.razorpay.ApiKey"
168-->src\main\AndroidManifest.xml:158:13-47
169            android:value="rzp_live_qD5gsSOze976lE" />
169-->src\main\AndroidManifest.xml:159:13-52
170
171        <service
171-->src\main\AndroidManifest.xml:161:9-181:19
172            android:name="com.webkype.happiroo.Firebase.MyFirebaseService"
172-->src\main\AndroidManifest.xml:162:13-55
173            android:exported="false" >
173-->src\main\AndroidManifest.xml:163:13-37
174            <intent-filter>
174-->src\main\AndroidManifest.xml:164:13-166:29
175                <action android:name="com.google.firebase.MESSAGING_EVENT" />
175-->src\main\AndroidManifest.xml:165:17-78
175-->src\main\AndroidManifest.xml:165:25-75
176            </intent-filter>
177
178            <meta-data
178-->src\main\AndroidManifest.xml:168:13-170:54
179                android:name="com.google.firebase.messaging.default_notification_channel_id"
179-->src\main\AndroidManifest.xml:169:17-93
180                android:value="@string/channel_id" />
180-->src\main\AndroidManifest.xml:170:17-51
181            <meta-data
181-->src\main\AndroidManifest.xml:171:13-173:53
182                android:name="com.google.firebase.messaging.default_notification_icon"
182-->src\main\AndroidManifest.xml:172:17-87
183                android:resource="@drawable/logo" />
183-->src\main\AndroidManifest.xml:173:17-50
184            <!--
185                 Set color used with incoming notification messages. This is used when no color is set for the incoming
186                 notification message. See README(https://goo.gl/6BKBk7) for more.
187            -->
188            <meta-data
188-->src\main\AndroidManifest.xml:178:13-180:62
189                android:name="com.google.firebase.messaging.default_notification_color"
189-->src\main\AndroidManifest.xml:179:17-88
190                android:resource="@color/colorPrimaryDark" />
190-->src\main\AndroidManifest.xml:180:17-59
191        </service>
192
193        <receiver android:name="com.razorpay.RzpTokenReceiver" >
193-->[com.razorpay:checkout:1.5.16] AndroidManifest.xml:12:9-16:20
193-->[com.razorpay:checkout:1.5.16] AndroidManifest.xml:12:19-63
194            <intent-filter>
194-->[com.razorpay:checkout:1.5.16] AndroidManifest.xml:13:13-15:29
195                <action android:name="rzp.device_token.share" />
195-->[com.razorpay:checkout:1.5.16] AndroidManifest.xml:14:17-65
195-->[com.razorpay:checkout:1.5.16] AndroidManifest.xml:14:25-62
196            </intent-filter>
197        </receiver>
198
199        <activity
199-->[com.razorpay:checkout:1.5.16] AndroidManifest.xml:18:9-29:20
200            android:name="com.razorpay.CheckoutActivity"
200-->[com.razorpay:checkout:1.5.16] AndroidManifest.xml:19:13-57
201            android:configChanges="keyboard|keyboardHidden|orientation|screenSize"
201-->[com.razorpay:checkout:1.5.16] AndroidManifest.xml:20:13-83
202            android:theme="@style/CheckoutTheme" >
202-->[com.razorpay:checkout:1.5.16] AndroidManifest.xml:21:13-49
203            <intent-filter>
203-->[com.razorpay:checkout:1.5.16] AndroidManifest.xml:22:13-28:29
204                <action android:name="android.intent.action.MAIN" />
204-->src\main\AndroidManifest.xml:151:17-69
204-->src\main\AndroidManifest.xml:151:25-66
205
206                <data
206-->[com.razorpay:checkout:1.5.16] AndroidManifest.xml:25:17-27:47
207                    android:host="rzp.io"
207-->[com.razorpay:checkout:1.5.16] AndroidManifest.xml:26:21-42
208                    android:scheme="io.rzp" />
208-->[com.razorpay:checkout:1.5.16] AndroidManifest.xml:27:21-44
209            </intent-filter>
210        </activity>
211        <!--
212             FirebaseMessagingService performs security checks at runtime,
213             but set to not exported to explicitly avoid allowing another app to call it.
214        -->
215        <service
215-->[com.google.firebase:firebase-messaging:21.0.1] AndroidManifest.xml:28:9-35:19
216            android:name="com.google.firebase.messaging.FirebaseMessagingService"
216-->[com.google.firebase:firebase-messaging:21.0.1] AndroidManifest.xml:29:13-82
217            android:directBootAware="true"
217-->[com.google.firebase:firebase-messaging:21.0.1] AndroidManifest.xml:30:13-43
218            android:exported="false" >
218-->[com.google.firebase:firebase-messaging:21.0.1] AndroidManifest.xml:31:13-37
219            <intent-filter android:priority="-500" >
219-->src\main\AndroidManifest.xml:164:13-166:29
220                <action android:name="com.google.firebase.MESSAGING_EVENT" />
220-->src\main\AndroidManifest.xml:165:17-78
220-->src\main\AndroidManifest.xml:165:25-75
221            </intent-filter>
222        </service>
223        <service
223-->[com.google.firebase:firebase-messaging:21.0.1] AndroidManifest.xml:36:9-42:19
224            android:name="com.google.firebase.components.ComponentDiscoveryService"
224-->[com.google.firebase:firebase-messaging:21.0.1] AndroidManifest.xml:37:13-84
225            android:directBootAware="true"
225-->[com.google.firebase:firebase-common:19.5.0] AndroidManifest.xml:35:13-43
226            android:exported="false" >
226-->[com.google.firebase:firebase-messaging:21.0.1] AndroidManifest.xml:38:13-37
227            <meta-data
227-->[com.google.firebase:firebase-messaging:21.0.1] AndroidManifest.xml:39:13-41:85
228                android:name="com.google.firebase.components:com.google.firebase.messaging.FirebaseMessagingRegistrar"
228-->[com.google.firebase:firebase-messaging:21.0.1] AndroidManifest.xml:40:17-119
229                android:value="com.google.firebase.components.ComponentRegistrar" />
229-->[com.google.firebase:firebase-messaging:21.0.1] AndroidManifest.xml:41:17-82
230            <meta-data
230-->[com.google.firebase:firebase-datatransport:17.0.10] AndroidManifest.xml:28:13-30:85
231                android:name="com.google.firebase.components:com.google.firebase.datatransport.TransportRegistrar"
231-->[com.google.firebase:firebase-datatransport:17.0.10] AndroidManifest.xml:29:17-115
232                android:value="com.google.firebase.components.ComponentRegistrar" />
232-->[com.google.firebase:firebase-datatransport:17.0.10] AndroidManifest.xml:30:17-82
233            <meta-data
233-->[com.google.firebase:firebase-iid:21.0.1] AndroidManifest.xml:32:13-34:85
234                android:name="com.google.firebase.components:com.google.firebase.iid.Registrar"
234-->[com.google.firebase:firebase-iid:21.0.1] AndroidManifest.xml:33:17-96
235                android:value="com.google.firebase.components.ComponentRegistrar" />
235-->[com.google.firebase:firebase-iid:21.0.1] AndroidManifest.xml:34:17-82
236            <meta-data
236-->[com.google.android.gms:play-services-measurement-api:18.0.0] AndroidManifest.xml:30:13-32:85
237                android:name="com.google.firebase.components:com.google.firebase.analytics.connector.internal.AnalyticsConnectorRegistrar"
237-->[com.google.android.gms:play-services-measurement-api:18.0.0] AndroidManifest.xml:31:17-139
238                android:value="com.google.firebase.components.ComponentRegistrar" />
238-->[com.google.android.gms:play-services-measurement-api:18.0.0] AndroidManifest.xml:32:17-82
239            <meta-data
239-->[com.google.firebase:firebase-installations:16.3.5] AndroidManifest.xml:18:13-20:85
240                android:name="com.google.firebase.components:com.google.firebase.installations.FirebaseInstallationsRegistrar"
240-->[com.google.firebase:firebase-installations:16.3.5] AndroidManifest.xml:19:17-127
241                android:value="com.google.firebase.components.ComponentRegistrar" />
241-->[com.google.firebase:firebase-installations:16.3.5] AndroidManifest.xml:20:17-82
242            <!--
243                This registrar is not defined in the dynamic-module-support sdk itself to allow non-firebase
244                clients to use it as well, by defining this registrar in their own core/common library.
245            -->
246            <meta-data
246-->[com.google.firebase:firebase-common:19.5.0] AndroidManifest.xml:43:13-45:85
247                android:name="com.google.firebase.components:com.google.firebase.dynamicloading.DynamicLoadingRegistrar"
247-->[com.google.firebase:firebase-common:19.5.0] AndroidManifest.xml:44:17-121
248                android:value="com.google.firebase.components.ComponentRegistrar" />
248-->[com.google.firebase:firebase-common:19.5.0] AndroidManifest.xml:45:17-82
249        </service>
250
251        <activity
251-->[com.google.android.gms:play-services-auth:19.0.0] AndroidManifest.xml:23:9-27:75
252            android:name="com.google.android.gms.auth.api.signin.internal.SignInHubActivity"
252-->[com.google.android.gms:play-services-auth:19.0.0] AndroidManifest.xml:24:13-93
253            android:excludeFromRecents="true"
253-->[com.google.android.gms:play-services-auth:19.0.0] AndroidManifest.xml:25:13-46
254            android:exported="false"
254-->[com.google.android.gms:play-services-auth:19.0.0] AndroidManifest.xml:26:13-37
255            android:theme="@android:style/Theme.Translucent.NoTitleBar" />
255-->[com.google.android.gms:play-services-auth:19.0.0] AndroidManifest.xml:27:13-72
256        <!--
257            Service handling Google Sign-In user revocation. For apps that do not integrate with
258            Google Sign-In, this service will never be started.
259        -->
260        <service
260-->[com.google.android.gms:play-services-auth:19.0.0] AndroidManifest.xml:33:9-37:51
261            android:name="com.google.android.gms.auth.api.signin.RevocationBoundService"
261-->[com.google.android.gms:play-services-auth:19.0.0] AndroidManifest.xml:34:13-89
262            android:exported="true"
262-->[com.google.android.gms:play-services-auth:19.0.0] AndroidManifest.xml:35:13-36
263            android:permission="com.google.android.gms.auth.api.signin.permission.REVOCATION_NOTIFICATION"
263-->[com.google.android.gms:play-services-auth:19.0.0] AndroidManifest.xml:36:13-107
264            android:visibleToInstantApps="true" />
264-->[com.google.android.gms:play-services-auth:19.0.0] AndroidManifest.xml:37:13-48
265        <service
265-->[com.google.android.datatransport:transport-backend-cct:2.3.3] AndroidManifest.xml:29:9-35:19
266            android:name="com.google.android.datatransport.runtime.backends.TransportBackendDiscovery"
266-->[com.google.android.datatransport:transport-backend-cct:2.3.3] AndroidManifest.xml:30:13-103
267            android:exported="false" >
267-->[com.google.android.datatransport:transport-backend-cct:2.3.3] AndroidManifest.xml:31:13-37
268            <meta-data
268-->[com.google.android.datatransport:transport-backend-cct:2.3.3] AndroidManifest.xml:32:13-34:39
269                android:name="backend:com.google.android.datatransport.cct.CctBackendFactory"
269-->[com.google.android.datatransport:transport-backend-cct:2.3.3] AndroidManifest.xml:33:17-94
270                android:value="cct" />
270-->[com.google.android.datatransport:transport-backend-cct:2.3.3] AndroidManifest.xml:34:17-36
271        </service>
272
273        <receiver
273-->[com.google.firebase:firebase-iid:21.0.1] AndroidManifest.xml:37:9-44:20
274            android:name="com.google.firebase.iid.FirebaseInstanceIdReceiver"
274-->[com.google.firebase:firebase-iid:21.0.1] AndroidManifest.xml:38:13-78
275            android:exported="true"
275-->[com.google.firebase:firebase-iid:21.0.1] AndroidManifest.xml:39:13-36
276            android:permission="com.google.android.c2dm.permission.SEND" >
276-->[com.google.firebase:firebase-iid:21.0.1] AndroidManifest.xml:40:13-73
277            <intent-filter>
277-->[com.google.firebase:firebase-iid:21.0.1] AndroidManifest.xml:41:13-43:29
278                <action android:name="com.google.android.c2dm.intent.RECEIVE" />
278-->[com.google.firebase:firebase-iid:21.0.1] AndroidManifest.xml:42:17-81
278-->[com.google.firebase:firebase-iid:21.0.1] AndroidManifest.xml:42:25-78
279            </intent-filter>
280        </receiver>
281
282        <provider
282-->[com.google.firebase:firebase-common:19.5.0] AndroidManifest.xml:26:9-31:39
283            android:name="com.google.firebase.provider.FirebaseInitProvider"
283-->[com.google.firebase:firebase-common:19.5.0] AndroidManifest.xml:27:13-77
284            android:authorities="com.webkype.happiroo.firebaseinitprovider"
284-->[com.google.firebase:firebase-common:19.5.0] AndroidManifest.xml:28:13-72
285            android:directBootAware="true"
285-->[com.google.firebase:firebase-common:19.5.0] AndroidManifest.xml:29:13-43
286            android:exported="false"
286-->[com.google.firebase:firebase-common:19.5.0] AndroidManifest.xml:30:13-37
287            android:initOrder="100" />
287-->[com.google.firebase:firebase-common:19.5.0] AndroidManifest.xml:31:13-36
288
289        <activity
289-->[com.google.android.gms:play-services-base:17.1.0] AndroidManifest.xml:23:9-26:75
290            android:name="com.google.android.gms.common.api.GoogleApiActivity"
290-->[com.google.android.gms:play-services-base:17.1.0] AndroidManifest.xml:24:13-79